mode: set
github.com/Juram009/backpack-bcgow6-juan-ramirez/Go-Testing/Go-Testing-III/clase-1/ejercicios/Project/internal/products/mock_store.go:10.58,11.24 1 1
github.com/Juram009/backpack-bcgow6-juan-ramirez/Go-Testing/Go-Testing-III/clase-1/ejercicios/Project/internal/products/mock_store.go:14.2,17.12 4 1
github.com/Juram009/backpack-bcgow6-juan-ramirez/Go-Testing/Go-Testing-III/clase-1/ejercicios/Project/internal/products/mock_store.go:11.24,13.3 1 0
github.com/Juram009/backpack-bcgow6-juan-ramirez/Go-Testing/Go-Testing-III/clase-1/ejercicios/Project/internal/products/mock_store.go:20.59,21.25 1 1
github.com/Juram009/backpack-bcgow6-juan-ramirez/Go-Testing/Go-Testing-III/clase-1/ejercicios/Project/internal/products/mock_store.go:25.2,27.12 3 1
github.com/Juram009/backpack-bcgow6-juan-ramirez/Go-Testing/Go-Testing-III/clase-1/ejercicios/Project/internal/products/mock_store.go:21.25,23.3 1 0
github.com/Juram009/backpack-bcgow6-juan-ramirez/Go-Testing/Go-Testing-III/clase-1/ejercicios/Project/internal/products/repository.go:35.47,39.2 1 1
github.com/Juram009/backpack-bcgow6-juan-ramirez/Go-Testing/Go-Testing-III/clase-1/ejercicios/Project/internal/products/repository.go:41.141,44.16 3 0
github.com/Juram009/backpack-bcgow6-juan-ramirez/Go-Testing/Go-Testing-III/clase-1/ejercicios/Project/internal/products/repository.go:47.2,50.45 3 0
github.com/Juram009/backpack-bcgow6-juan-ramirez/Go-Testing/Go-Testing-III/clase-1/ejercicios/Project/internal/products/repository.go:53.2,53.15 1 0
github.com/Juram009/backpack-bcgow6-juan-ramirez/Go-Testing/Go-Testing-III/clase-1/ejercicios/Project/internal/products/repository.go:44.16,46.3 1 0
github.com/Juram009/backpack-bcgow6-juan-ramirez/Go-Testing/Go-Testing-III/clase-1/ejercicios/Project/internal/products/repository.go:50.45,52.3 1 0
github.com/Juram009/backpack-bcgow6-juan-ramirez/Go-Testing/Go-Testing-III/clase-1/ejercicios/Project/internal/products/repository.go:56.50,59.16 3 1
github.com/Juram009/backpack-bcgow6-juan-ramirez/Go-Testing/Go-Testing-III/clase-1/ejercicios/Project/internal/products/repository.go:62.2,62.22 1 1
github.com/Juram009/backpack-bcgow6-juan-ramirez/Go-Testing/Go-Testing-III/clase-1/ejercicios/Project/internal/products/repository.go:59.16,61.3 1 0
github.com/Juram009/backpack-bcgow6-juan-ramirez/Go-Testing/Go-Testing-III/clase-1/ejercicios/Project/internal/products/repository.go:65.54,68.16 3 0
github.com/Juram009/backpack-bcgow6-juan-ramirez/Go-Testing/Go-Testing-III/clase-1/ejercicios/Project/internal/products/repository.go:71.2,71.26 1 0
github.com/Juram009/backpack-bcgow6-juan-ramirez/Go-Testing/Go-Testing-III/clase-1/ejercicios/Project/internal/products/repository.go:76.2,76.58 1 0
github.com/Juram009/backpack-bcgow6-juan-ramirez/Go-Testing/Go-Testing-III/clase-1/ejercicios/Project/internal/products/repository.go:68.16,70.3 1 0
github.com/Juram009/backpack-bcgow6-juan-ramirez/Go-Testing/Go-Testing-III/clase-1/ejercicios/Project/internal/products/repository.go:71.26,72.27 1 0
github.com/Juram009/backpack-bcgow6-juan-ramirez/Go-Testing/Go-Testing-III/clase-1/ejercicios/Project/internal/products/repository.go:72.27,74.4 1 0
github.com/Juram009/backpack-bcgow6-juan-ramirez/Go-Testing/Go-Testing-III/clase-1/ejercicios/Project/internal/products/repository.go:79.44,82.16 3 0
github.com/Juram009/backpack-bcgow6-juan-ramirez/Go-Testing/Go-Testing-III/clase-1/ejercicios/Project/internal/products/repository.go:85.2,85.24 1 0
github.com/Juram009/backpack-bcgow6-juan-ramirez/Go-Testing/Go-Testing-III/clase-1/ejercicios/Project/internal/products/repository.go:89.2,89.42 1 0
github.com/Juram009/backpack-bcgow6-juan-ramirez/Go-Testing/Go-Testing-III/clase-1/ejercicios/Project/internal/products/repository.go:82.16,84.3 1 0
github.com/Juram009/backpack-bcgow6-juan-ramirez/Go-Testing/Go-Testing-III/clase-1/ejercicios/Project/internal/products/repository.go:85.24,87.3 1 0
github.com/Juram009/backpack-bcgow6-juan-ramirez/Go-Testing/Go-Testing-III/clase-1/ejercicios/Project/internal/products/repository.go:92.142,103.16 4 1
github.com/Juram009/backpack-bcgow6-juan-ramirez/Go-Testing/Go-Testing-III/clase-1/ejercicios/Project/internal/products/repository.go:106.2,107.26 2 1
github.com/Juram009/backpack-bcgow6-juan-ramirez/Go-Testing/Go-Testing-III/clase-1/ejercicios/Project/internal/products/repository.go:114.2,114.14 1 1
github.com/Juram009/backpack-bcgow6-juan-ramirez/Go-Testing/Go-Testing-III/clase-1/ejercicios/Project/internal/products/repository.go:117.2,117.45 1 1
github.com/Juram009/backpack-bcgow6-juan-ramirez/Go-Testing/Go-Testing-III/clase-1/ejercicios/Project/internal/products/repository.go:120.2,120.15 1 1
github.com/Juram009/backpack-bcgow6-juan-ramirez/Go-Testing/Go-Testing-III/clase-1/ejercicios/Project/internal/products/repository.go:103.16,105.3 1 0
github.com/Juram009/backpack-bcgow6-juan-ramirez/Go-Testing/Go-Testing-III/clase-1/ejercicios/Project/internal/products/repository.go:107.26,108.27 1 1
github.com/Juram009/backpack-bcgow6-juan-ramirez/Go-Testing/Go-Testing-III/clase-1/ejercicios/Project/internal/products/repository.go:108.27,112.4 3 1
github.com/Juram009/backpack-bcgow6-juan-ramirez/Go-Testing/Go-Testing-III/clase-1/ejercicios/Project/internal/products/repository.go:114.14,116.3 1 0
github.com/Juram009/backpack-bcgow6-juan-ramirez/Go-Testing/Go-Testing-III/clase-1/ejercicios/Project/internal/products/repository.go:117.45,119.3 1 0
github.com/Juram009/backpack-bcgow6-juan-ramirez/Go-Testing/Go-Testing-III/clase-1/ejercicios/Project/internal/products/repository.go:123.43,128.16 5 1
github.com/Juram009/backpack-bcgow6-juan-ramirez/Go-Testing/Go-Testing-III/clase-1/ejercicios/Project/internal/products/repository.go:131.2,131.26 1 1
github.com/Juram009/backpack-bcgow6-juan-ramirez/Go-Testing/Go-Testing-III/clase-1/ejercicios/Project/internal/products/repository.go:138.2,138.14 1 1
github.com/Juram009/backpack-bcgow6-juan-ramirez/Go-Testing/Go-Testing-III/clase-1/ejercicios/Project/internal/products/repository.go:142.2,143.45 2 1
github.com/Juram009/backpack-bcgow6-juan-ramirez/Go-Testing/Go-Testing-III/clase-1/ejercicios/Project/internal/products/repository.go:146.2,146.12 1 1
github.com/Juram009/backpack-bcgow6-juan-ramirez/Go-Testing/Go-Testing-III/clase-1/ejercicios/Project/internal/products/repository.go:128.16,130.3 1 0
github.com/Juram009/backpack-bcgow6-juan-ramirez/Go-Testing/Go-Testing-III/clase-1/ejercicios/Project/internal/products/repository.go:131.26,132.27 1 1
github.com/Juram009/backpack-bcgow6-juan-ramirez/Go-Testing/Go-Testing-III/clase-1/ejercicios/Project/internal/products/repository.go:132.27,135.4 2 1
github.com/Juram009/backpack-bcgow6-juan-ramirez/Go-Testing/Go-Testing-III/clase-1/ejercicios/Project/internal/products/repository.go:138.14,140.3 1 1
github.com/Juram009/backpack-bcgow6-juan-ramirez/Go-Testing/Go-Testing-III/clase-1/ejercicios/Project/internal/products/repository.go:143.45,145.3 1 0
github.com/Juram009/backpack-bcgow6-juan-ramirez/Go-Testing/Go-Testing-III/clase-1/ejercicios/Project/internal/products/repository.go:149.87,153.16 4 1
github.com/Juram009/backpack-bcgow6-juan-ramirez/Go-Testing/Go-Testing-III/clase-1/ejercicios/Project/internal/products/repository.go:156.2,157.26 2 1
github.com/Juram009/backpack-bcgow6-juan-ramirez/Go-Testing/Go-Testing-III/clase-1/ejercicios/Project/internal/products/repository.go:166.2,166.14 1 1
github.com/Juram009/backpack-bcgow6-juan-ramirez/Go-Testing/Go-Testing-III/clase-1/ejercicios/Project/internal/products/repository.go:169.2,169.45 1 1
github.com/Juram009/backpack-bcgow6-juan-ramirez/Go-Testing/Go-Testing-III/clase-1/ejercicios/Project/internal/products/repository.go:172.2,172.21 1 1
github.com/Juram009/backpack-bcgow6-juan-ramirez/Go-Testing/Go-Testing-III/clase-1/ejercicios/Project/internal/products/repository.go:153.16,155.3 1 0
github.com/Juram009/backpack-bcgow6-juan-ramirez/Go-Testing/Go-Testing-III/clase-1/ejercicios/Project/internal/products/repository.go:157.26,158.27 1 1
github.com/Juram009/backpack-bcgow6-juan-ramirez/Go-Testing/Go-Testing-III/clase-1/ejercicios/Project/internal/products/repository.go:158.27,163.4 4 1
github.com/Juram009/backpack-bcgow6-juan-ramirez/Go-Testing/Go-Testing-III/clase-1/ejercicios/Project/internal/products/repository.go:166.14,168.3 1 0
github.com/Juram009/backpack-bcgow6-juan-ramirez/Go-Testing/Go-Testing-III/clase-1/ejercicios/Project/internal/products/repository.go:169.45,171.3 1 0
github.com/Juram009/backpack-bcgow6-juan-ramirez/Go-Testing/Go-Testing-III/clase-1/ejercicios/Project/internal/products/service.go:16.39,20.2 1 1
github.com/Juram009/backpack-bcgow6-juan-ramirez/Go-Testing/Go-Testing-III/clase-1/ejercicios/Project/internal/products/service.go:22.47,24.16 2 1
github.com/Juram009/backpack-bcgow6-juan-ramirez/Go-Testing/Go-Testing-III/clase-1/ejercicios/Project/internal/products/service.go:27.2,27.16 1 1
github.com/Juram009/backpack-bcgow6-juan-ramirez/Go-Testing/Go-Testing-III/clase-1/ejercicios/Project/internal/products/service.go:24.16,26.3 1 0
github.com/Juram009/backpack-bcgow6-juan-ramirez/Go-Testing/Go-Testing-III/clase-1/ejercicios/Project/internal/products/service.go:30.51,32.16 2 0
github.com/Juram009/backpack-bcgow6-juan-ramirez/Go-Testing/Go-Testing-III/clase-1/ejercicios/Project/internal/products/service.go:35.2,35.16 1 0
github.com/Juram009/backpack-bcgow6-juan-ramirez/Go-Testing/Go-Testing-III/clase-1/ejercicios/Project/internal/products/service.go:32.16,34.3 1 0
github.com/Juram009/backpack-bcgow6-juan-ramirez/Go-Testing/Go-Testing-III/clase-1/ejercicios/Project/internal/products/service.go:38.130,40.16 2 0
github.com/Juram009/backpack-bcgow6-juan-ramirez/Go-Testing/Go-Testing-III/clase-1/ejercicios/Project/internal/products/service.go:44.2,45.16 2 0
github.com/Juram009/backpack-bcgow6-juan-ramirez/Go-Testing/Go-Testing-III/clase-1/ejercicios/Project/internal/products/service.go:49.2,49.22 1 0
github.com/Juram009/backpack-bcgow6-juan-ramirez/Go-Testing/Go-Testing-III/clase-1/ejercicios/Project/internal/products/service.go:40.16,42.3 1 0
github.com/Juram009/backpack-bcgow6-juan-ramirez/Go-Testing/Go-Testing-III/clase-1/ejercicios/Project/internal/products/service.go:45.16,47.3 1 0
github.com/Juram009/backpack-bcgow6-juan-ramirez/Go-Testing/Go-Testing-III/clase-1/ejercicios/Project/internal/products/service.go:52.139,54.2 1 1
github.com/Juram009/backpack-bcgow6-juan-ramirez/Go-Testing/Go-Testing-III/clase-1/ejercicios/Project/internal/products/service.go:56.40,58.2 1 1
github.com/Juram009/backpack-bcgow6-juan-ramirez/Go-Testing/Go-Testing-III/clase-1/ejercicios/Project/internal/products/service.go:60.84,62.2 1 0
