mode: set
github.com/naldeco98/backpack-bcgow6-nicolas-aldeco/go_testing/clase3_parte1/numbers/number.go:3.26,5.2 1 0
github.com/naldeco98/backpack-bcgow6-nicolas-aldeco/go_testing/clase3_parte1/numbers/number.go:7.31,8.9 1 1
github.com/naldeco98/backpack-bcgow6-nicolas-aldeco/go_testing/clase3_parte1/numbers/number.go:9.13,10.20 1 1
github.com/naldeco98/backpack-bcgow6-nicolas-aldeco/go_testing/clase3_parte1/numbers/number.go:11.13,12.20 1 1
github.com/naldeco98/backpack-bcgow6-nicolas-aldeco/go_testing/clase3_parte1/numbers/number.go:13.10,14.16 1 0
github.com/naldeco98/backpack-bcgow6-nicolas-aldeco/go_testing/clase3_parte1/numbers/numbers2.go:4.30,6.2 1 0
